
=== Wed Jul 14 22:45:40 2021

Packages were changed.
Update Mode: mergeDefaultDependencies

The following packages were added:
  com.unity.ext.nunit@1.0.0
  com.unity.xr.legacyinputhelpers@2.1.7
  com.unity.xr.management@3.2.16
  com.unity.xr.oculus.android@2.38.6
The following packages were updated:
  com.unity.test-framework from version 1.1.11 to 1.1.14

=== Sat Feb 12 00:43:38 2022

Packages were changed.
Update Mode: updateDependencies

The following packages were added:
  com.unity.ide.visualstudio@2.0.11
The following packages were updated:
  com.unity.collab-proxy from version 1.2.16 to 1.12.5
  com.unity.ext.nunit from version 1.0.0 to 1.0.6
  com.unity.ide.rider from version 1.1.4 to 1.2.1
  com.unity.ide.vscode from version 1.1.4 to 1.2.4
  com.unity.test-framework from version 1.1.14 to 1.1.29
  com.unity.textmeshpro from version 2.0.1 to 2.1.4
  com.unity.timeline from version 1.2.12 to 1.2.18
  com.unity.xr.management from version 3.2.16 to 4.0.1
